# JRE version: OpenJDK Runtime Environment Temurin-21.0.10+7 (21.0.10+7) (build 21.0.10+7-LTS)
# Java VM: OpenJDK 64-Bit Server VM Temurin-21.0.10+7 (21.0.10+7-LTS, mixed mode, sharing, tiered, compressed oops, compressed class ptrs, parallel gc, windows-amd64)
GC Precious Log:
 CardTable entry size: 512
 CPUs: 8 total, 8 available
 Memory: 16183M
 Large Page Support: Disabled
 NUMA Support: Disabled
 Compressed Oops: Enabled (32-bit)
 Alignments: Space 512K, Generation 512K, Heap 2M
 Heap Min Capacity: 100M
 Heap Initial Capacity: 100M
 Heap Max Capacity: 2G
 Pre-touch: Disabled
 Parallel Workers: 8
Heap:
 PSYoungGen      total 4096K, used 2774K [0x00000000d5580000, 0x00000000d6000000, 0x0000000100000000)
  eden space 2048K, 35% used [0x00000000d5580000,0x00000000d5635b48,0x00000000d5780000)
  from space 2048K, 100% used [0x00000000d5780000,0x00000000d5980000,0x00000000d5980000)
  to   space 4096K, 0% used [0x00000000d5c00000,0x00000000d5c00000,0x00000000d6000000)
 ParOldGen       total 310784K, used 310531K [0x0000000080000000, 0x0000000092f80000, 0x00000000d5580000)
  object space 310784K, 99% used [0x0000000080000000,0x0000000092f40e08,0x0000000092f80000)
 Metaspace       used 126711K, committed 129600K, reserved 1179648K
  class space    used 14227K, committed 15488K, reserved 1048576K
GC Heap History (20 events):
Event: 30472.950 GC heap before
{Heap before GC invocations=15911 (full 20):
 PSYoungGen      total 4096K, used 4066K [0x00000000d5580000, 0x00000000d5f80000, 0x0000000100000000)
  eden space 2048K, 100% used [0x00000000d5580000,0x00000000d5780000,0x00000000d5780000)
  from space 2048K, 98% used [0x00000000d5780000,0x00000000d5978968,0x00000000d5980000)
  to   space 4096K, 0% used [0x00000000d5b80000,0x00000000d5b80000,0x00000000d5f80000)
 ParOldGen       total 295936K, used 295723K [0x0000000080000000, 0x0000000092100000, 0x00000000d5580000)
  object space 295936K, 99% used [0x0000000080000000,0x00000000920cac00,0x0000000092100000)
 Metaspace       used 126711K, committed 129600K, reserved 1179648K
  class space    used 14227K, committed 15488K, reserved 1048576K
}
Event: 30472.955 GC heap after
{Heap after GC invocations=15911 (full 20):
 PSYoungGen      total 5120K, used 2112K [0x00000000d5580000, 0x00000000d5e00000, 0x0000000100000000)
  eden space 2560K, 0% used [0x00000000d5580000,0x00000000d5580000,0x00000000d5800000)
  from space 2560K, 82% used [0x00000000d5b80000,0x00000000d5d90000,0x00000000d5e00000)
  to   space 3072K, 0% used [0x00000000d5800000,0x00000000d5800000,0x00000000d5b00000)
 ParOldGen       total 297984K, used 297725K [0x0000000080000000, 0x0000000092300000, 0x00000000d5580000)
  object space 297984K, 99% used [0x0000000080000000,0x00000000922bf568,0x0000000092300000)
 Metaspace       used 126711K, committed 129600K, reserved 1179648K
  class space    used 14227K, committed 15488K, reserved 1048576K
}
Event: 30472.966 GC heap before
{Heap before GC invocations=15912 (full 20):
 PSYoungGen      total 5120K, used 4672K [0x00000000d5580000, 0x00000000d5e00000, 0x0000000100000000)
  eden space 2560K, 100% used [0x00000000d5580000,0x00000000d5800000,0x00000000d5800000)
  from space 2560K, 82% used [0x00000000d5b80000,0x00000000d5d90000,0x00000000d5e00000)
  to   space 3072K, 0% used [0x00000000d5800000,0x00000000d5800000,0x00000000d5b00000)
 ParOldGen       total 297984K, used 297725K [0x0000000080000000, 0x0000000092300000, 0x00000000d5580000)
  object space 297984K, 99% used [0x0000000080000000,0x00000000922bf568,0x0000000092300000)
 Metaspace       used 126711K, committed 129600K, reserved 1179648K
  class space    used 14227K, committed 15488K, reserved 1048576K
}
Event: 30472.972 GC heap after
{Heap after GC invocations=15912 (full 20):
 PSYoungGen      total 5632K, used 2592K [0x00000000d5580000, 0x00000000d5e80000, 0x0000000100000000)
  eden space 2560K, 0% used [0x00000000d5580000,0x00000000d5580000,0x00000000d5800000)
  from space 3072K, 84% used [0x00000000d5800000,0x00000000d5a88000,0x00000000d5b00000)
  to   space 3072K, 0% used [0x00000000d5b80000,0x00000000d5b80000,0x00000000d5e80000)
 ParOldGen       total 300032K, used 299749K [0x0000000080000000, 0x0000000092500000, 0x00000000d5580000)
  object space 300032K, 99% used [0x0000000080000000,0x00000000924b9568,0x0000000092500000)
 Metaspace       used 126711K, committed 129600K, reserved 1179648K
  class space    used 14227K, committed 15488K, reserved 1048576K
}
Event: 30473.000 GC heap before
{Heap before GC invocations=15913 (full 20):
 PSYoungGen      total 5632K, used 5152K [0x00000000d5580000, 0x00000000d5e80000, 0x0000000100000000)
  eden space 2560K, 100% used [0x00000000d5580000,0x00000000d5800000,0x00000000d5800000)
  from space 3072K, 84% used [0x00000000d5800000,0x00000000d5a88000,0x00000000d5b00000)
  to   space 3072K, 0% used [0x00000000d5b80000,0x00000000d5b80000,0x00000000d5e80000)
 ParOldGen       total 300032K, used 299749K [0x0000000080000000, 0x0000000092500000, 0x00000000d5580000)
  object space 300032K, 99% used [0x0000000080000000,0x00000000924b9568,0x0000000092500000)
 Metaspace       used 126711K, committed 129600K, reserved 1179648K
  class space    used 14227K, committed 15488K, reserved 1048576K
}
Event: 30473.004 GC heap after
{Heap after GC invocations=15913 (full 20):
 PSYoungGen      total 4096K, used 1012K [0x00000000d5580000, 0x00000000d5c80000, 0x0000000100000000)
  eden space 3072K, 0% used [0x00000000d5580000,0x00000000d5580000,0x00000000d5880000)
  from space 1024K, 98% used [0x00000000d5b80000,0x00000000d5c7d200,0x00000000d5c80000)
  to   space 2048K, 0% used [0x00000000d5880000,0x00000000d5880000,0x00000000d5a80000)
 ParOldGen       total 302592K, used 302277K [0x0000000080000000, 0x0000000092780000, 0x00000000d5580000)
  object space 302592K, 99% used [0x0000000080000000,0x0000000092731568,0x0000000092780000)
 Metaspace       used 126711K, committed 129600K, reserved 1179648K
  class space    used 14227K, committed 15488K, reserved 1048576K
}
Event: 30473.012 GC heap before
{Heap before GC invocations=15914 (full 20):
 PSYoungGen      total 4096K, used 4084K [0x00000000d5580000, 0x00000000d5c80000, 0x0000000100000000)
  eden space 3072K, 100% used [0x00000000d5580000,0x00000000d5880000,0x00000000d5880000)
  from space 1024K, 98% used [0x00000000d5b80000,0x00000000d5c7d200,0x00000000d5c80000)
  to   space 2048K, 0% used [0x00000000d5880000,0x00000000d5880000,0x00000000d5a80000)
 ParOldGen       total 302592K, used 302277K [0x0000000080000000, 0x0000000092780000, 0x00000000d5580000)
  object space 302592K, 99% used [0x0000000080000000,0x0000000092731568,0x0000000092780000)
 Metaspace       used 126711K, committed 129600K, reserved 1179648K
  class space    used 14227K, committed 15488K, reserved 1048576K
}
Event: 30473.015 GC heap after
{Heap after GC invocations=15914 (full 20):
 PSYoungGen      total 5120K, used 480K [0x00000000d5580000, 0x00000000d5c00000, 0x0000000100000000)
  eden space 3072K, 0% used [0x00000000d5580000,0x00000000d5580000,0x00000000d5880000)
  from space 2048K, 23% used [0x00000000d5880000,0x00000000d58f8000,0x00000000d5a80000)
  to   space 1024K, 0% used [0x00000000d5b00000,0x00000000d5b00000,0x00000000d5c00000)
 ParOldGen       total 303616K, used 303201K [0x0000000080000000, 0x0000000092880000, 0x00000000d5580000)
  object space 303616K, 99% used [0x0000000080000000,0x0000000092818768,0x0000000092880000)
 Metaspace       used 126711K, committed 129600K, reserved 1179648K
  class space    used 14227K, committed 15488K, reserved 1048576K
}
Event: 30473.032 GC heap before
{Heap before GC invocations=15915 (full 20):
 PSYoungGen      total 5120K, used 3552K [0x00000000d5580000, 0x00000000d5c00000, 0x0000000100000000)
  eden space 3072K, 100% used [0x00000000d5580000,0x00000000d5880000,0x00000000d5880000)
  from space 2048K, 23% used [0x00000000d5880000,0x00000000d58f8000,0x00000000d5a80000)
  to   space 1024K, 0% used [0x00000000d5b00000,0x00000000d5b00000,0x00000000d5c00000)
 ParOldGen       total 303616K, used 303201K [0x0000000080000000, 0x0000000092880000, 0x00000000d5580000)
  object space 303616K, 99% used [0x0000000080000000,0x0000000092818768,0x0000000092880000)
 Metaspace       used 126711K, committed 129600K, reserved 1179648K
  class space    used 14227K, committed 15488K, reserved 1048576K
}
Event: 30473.035 GC heap after
{Heap after GC invocations=15915 (full 20):
 PSYoungGen      total 3072K, used 992K [0x00000000d5580000, 0x00000000d6080000, 0x0000000100000000)
  eden space 2048K, 0% used [0x00000000d5580000,0x00000000d5580000,0x00000000d5780000)
  from space 1024K, 96% used [0x00000000d5b00000,0x00000000d5bf8200,0x00000000d5c00000)
  to   space 3584K, 0% used [0x00000000d5780000,0x00000000d5780000,0x00000000d5b00000)
 ParOldGen       total 305664K, used 305206K [0x0000000080000000, 0x0000000092a80000, 0x00000000d5580000)
  object space 305664K, 99% used [0x0000000080000000,0x0000000092a0d938,0x0000000092a80000)
 Metaspace       used 126711K, committed 129600K, reserved 1179648K
  class space    used 14227K, committed 15488K, reserved 1048576K
}
Event: 30473.045 GC heap before
{Heap before GC invocations=15916 (full 20):
 PSYoungGen      total 3072K, used 2941K [0x00000000d5580000, 0x00000000d6080000, 0x0000000100000000)
  eden space 2048K, 95% used [0x00000000d5580000,0x00000000d5767278,0x00000000d5780000)
  from space 1024K, 96% used [0x00000000d5b00000,0x00000000d5bf8200,0x00000000d5c00000)
  to   space 3584K, 0% used [0x00000000d5780000,0x00000000d5780000,0x00000000d5b00000)
 ParOldGen       total 305664K, used 305206K [0x0000000080000000, 0x0000000092a80000, 0x00000000d5580000)
  object space 305664K, 99% used [0x0000000080000000,0x0000000092a0d938,0x0000000092a80000)
 Metaspace       used 126711K, committed 129600K, reserved 1179648K
  class space    used 14227K, committed 15488K, reserved 1048576K
}
Event: 30473.047 GC heap after
{Heap after GC invocations=15916 (full 20):
 PSYoungGen      total 3072K, used 706K [0x00000000d5580000, 0x00000000d5b80000, 0x0000000100000000)
  eden space 2048K, 0% used [0x00000000d5580000,0x00000000d5580000,0x00000000d5780000)
  from space 1024K, 69% used [0x00000000d5780000,0x00000000d5830b68,0x00000000d5880000)
  to   space 1536K, 0% used [0x00000000d5a00000,0x00000000d5a00000,0x00000000d5b80000)
 ParOldGen       total 305664K, used 305230K [0x0000000080000000, 0x0000000092a80000, 0x00000000d5580000)
  object space 305664K, 99% used [0x0000000080000000,0x0000000092a13938,0x0000000092a80000)
 Metaspace       used 126711K, committed 129600K, reserved 1179648K
  class space    used 14227K, committed 15488K, reserved 1048576K
}
Event: 30473.055 GC heap before
{Heap before GC invocations=15917 (full 20):
 PSYoungGen      total 3072K, used 2754K [0x00000000d5580000, 0x00000000d5b80000, 0x0000000100000000)
  eden space 2048K, 99% used [0x00000000d5580000,0x00000000d577ffe0,0x00000000d5780000)
  from space 1024K, 69% used [0x00000000d5780000,0x00000000d5830b68,0x00000000d5880000)
  to   space 1536K, 0% used [0x00000000d5a00000,0x00000000d5a00000,0x00000000d5b80000)
 ParOldGen       total 305664K, used 305230K [0x0000000080000000, 0x0000000092a80000, 0x00000000d5580000)
  object space 305664K, 99% used [0x0000000080000000,0x0000000092a13938,0x0000000092a80000)
 Metaspace       used 126711K, committed 129600K, reserved 1179648K
  class space    used 14227K, committed 15488K, reserved 1048576K
}
Event: 30473.057 GC heap after
{Heap after GC invocations=15917 (full 20):
 PSYoungGen      total 3072K, used 1506K [0x00000000d5580000, 0x00000000d5e00000, 0x0000000100000000)
  eden space 1536K, 0% used [0x00000000d5580000,0x00000000d5580000,0x00000000d5700000)
  from space 1536K, 98% used [0x00000000d5a00000,0x00000000d5b78968,0x00000000d5b80000)
  to   space 3072K, 0% used [0x00000000d5700000,0x00000000d5700000,0x00000000d5a00000)
 ParOldGen       total 306176K, used 306065K [0x0000000080000000, 0x0000000092b00000, 0x00000000d5580000)
  object space 306176K, 99% used [0x0000000080000000,0x0000000092ae44a0,0x0000000092b00000)
 Metaspace       used 126711K, committed 129600K, reserved 1179648K
  class space    used 14227K, committed 15488K, reserved 1048576K
}
Event: 30473.063 GC heap before
{Heap before GC invocations=15918 (full 20):
 PSYoungGen      total 3072K, used 3042K [0x00000000d5580000, 0x00000000d5e00000, 0x0000000100000000)
  eden space 1536K, 99% used [0x00000000d5580000,0x00000000d56ffff0,0x00000000d5700000)
  from space 1536K, 98% used [0x00000000d5a00000,0x00000000d5b78968,0x00000000d5b80000)
  to   space 3072K, 0% used [0x00000000d5700000,0x00000000d5700000,0x00000000d5a00000)
 ParOldGen       total 306176K, used 306065K [0x0000000080000000, 0x0000000092b00000, 0x00000000d5580000)
  object space 306176K, 99% used [0x0000000080000000,0x0000000092ae44a0,0x0000000092b00000)
 Metaspace       used 126711K, committed 129600K, reserved 1179648K
  class space    used 14227K, committed 15488K, reserved 1048576K
}
Event: 30473.068 GC heap after
{Heap after GC invocations=15918 (full 20):
 PSYoungGen      total 3072K, used 1536K [0x00000000d5580000, 0x00000000d5b80000, 0x0000000100000000)
  eden space 1536K, 0% used [0x00000000d5580000,0x00000000d5580000,0x00000000d5700000)
  from space 1536K, 100% used [0x00000000d5700000,0x00000000d5880000,0x00000000d5880000)
  to   space 2048K, 0% used [0x00000000d5980000,0x00000000d5980000,0x00000000d5b80000)
 ParOldGen       total 307712K, used 307603K [0x0000000080000000, 0x0000000092c80000, 0x00000000d5580000)
  object space 307712K, 99% used [0x0000000080000000,0x0000000092c64e08,0x0000000092c80000)
 Metaspace       used 126711K, committed 129600K, reserved 1179648K
  class space    used 14227K, committed 15488K, reserved 1048576K
}
Event: 30473.074 GC heap before
{Heap before GC invocations=15919 (full 20):
 PSYoungGen      total 3072K, used 3072K [0x00000000d5580000, 0x00000000d5b80000, 0x0000000100000000)
  eden space 1536K, 100% used [0x00000000d5580000,0x00000000d5700000,0x00000000d5700000)
  from space 1536K, 100% used [0x00000000d5700000,0x00000000d5880000,0x00000000d5880000)
  to   space 2048K, 0% used [0x00000000d5980000,0x00000000d5980000,0x00000000d5b80000)
 ParOldGen       total 307712K, used 307603K [0x0000000080000000, 0x0000000092c80000, 0x00000000d5580000)
  object space 307712K, 99% used [0x0000000080000000,0x0000000092c64e08,0x0000000092c80000)
 Metaspace       used 126711K, committed 129600K, reserved 1179648K
  class space    used 14227K, committed 15488K, reserved 1048576K
}
Event: 30473.079 GC heap after
{Heap after GC invocations=15919 (full 20):
 PSYoungGen      total 4096K, used 1600K [0x00000000d5580000, 0x00000000d5b80000, 0x0000000100000000)
  eden space 2048K, 0% used [0x00000000d5580000,0x00000000d5580000,0x00000000d5780000)
  from space 2048K, 78% used [0x00000000d5980000,0x00000000d5b10000,0x00000000d5b80000)
  to   space 2048K, 0% used [0x00000000d5780000,0x00000000d5780000,0x00000000d5980000)
 ParOldGen       total 309248K, used 309043K [0x0000000080000000, 0x0000000092e00000, 0x00000000d5580000)
  object space 309248K, 99% used [0x0000000080000000,0x0000000092dcce08,0x0000000092e00000)
 Metaspace       used 126711K, committed 129600K, reserved 1179648K
  class space    used 14227K, committed 15488K, reserved 1048576K
}
Event: 30473.087 GC heap before
{Heap before GC invocations=15920 (full 20):
 PSYoungGen      total 4096K, used 3648K [0x00000000d5580000, 0x00000000d5b80000, 0x0000000100000000)
  eden space 2048K, 100% used [0x00000000d5580000,0x00000000d5780000,0x00000000d5780000)
  from space 2048K, 78% used [0x00000000d5980000,0x00000000d5b10000,0x00000000d5b80000)
  to   space 2048K, 0% used [0x00000000d5780000,0x00000000d5780000,0x00000000d5980000)
 ParOldGen       total 309248K, used 309043K [0x0000000080000000, 0x0000000092e00000, 0x00000000d5580000)
  object space 309248K, 99% used [0x0000000080000000,0x0000000092dcce08,0x0000000092e00000)
 Metaspace       used 126711K, committed 129600K, reserved 1179648K
  class space    used 14227K, committed 15488K, reserved 1048576K
}
Event: 30473.092 GC heap after
{Heap after GC invocations=15920 (full 20):
 PSYoungGen      total 4096K, used 2048K [0x00000000d5580000, 0x00000000d6000000, 0x0000000100000000)
  eden space 2048K, 0% used [0x00000000d5580000,0x00000000d5580000,0x00000000d5780000)
  from space 2048K, 100% used [0x00000000d5780000,0x00000000d5980000,0x00000000d5980000)
  to   space 4096K, 0% used [0x00000000d5c00000,0x00000000d5c00000,0x00000000d6000000)
 ParOldGen       total 310784K, used 310531K [0x0000000080000000, 0x0000000092f80000, 0x00000000d5580000)
  object space 310784K, 99% used [0x0000000080000000,0x0000000092f40e08,0x0000000092f80000)
 Metaspace       used 126711K, committed 129600K, reserved 1179648K
  class space    used 14227K, committed 15488K, reserved 1048576K
}

